<?xml version="1.0" encoding="UTF-8" ?>
<testsuite errors="0" failures="0" hostname="mark-iennaco-q-000-166941" name="com.flatironschool.javacs.ListClientExampleTest" skipped="0" tests="1" time="0.11" timestamp="2016-04-01T00:49:40">
  <properties>
    <property name="java.vendor" value="Oracle Corporation" />
    <property name="env.rvm_ruby_bits" value="" />
    <property name="env.NVM_BIN" value="/usr/local/opt/nvm/versions/node/v4.2.1/bin" />
    <property name="sun.java.launcher" value="SUN_STANDARD" />
    <property name="sun.management.compiler" value="HotSpot 64-Bit Tiered Compilers" />
    <property name="env._system_arch" value="x86_64" />
    <property name="env.rvm_silent_flag" value="" />
    <property name="env.NITROUS_USERNAME" value="nitrous" />
    <property name="env.GEM_HOME" value="/home/nitrous/.rvm/gems/ruby-2.2.1" />
    <property name="os.name" value="Linux" />
    <property name="env.rvm_gemstone_package_file" value="" />
    <property name="env.rvm_quiet_flag" value="" />
    <property name="sun.boot.class.path" value="/usr/lib/jvm/java-7-openjdk-amd64/jre/lib/resources.jar:/usr/lib/jvm/java-7-openjdk-amd64/jre/lib/rt.jar:/usr/lib/jvm/java-7-openjdk-amd64/jre/lib/sunrsasign.jar:/usr/lib/jvm/java-7-openjdk-amd64/jre/lib/jsse.jar:/usr/lib/jvm/java-7-openjdk-amd64/jre/lib/jce.jar:/usr/lib/jvm/java-7-openjdk-amd64/jre/lib/charsets.jar:/usr/lib/jvm/java-7-openjdk-amd64/jre/lib/rhino.jar:/usr/lib/jvm/java-7-openjdk-amd64/jre/lib/jfr.jar:/usr/lib/jvm/java-7-openjdk-amd64/jre/classes" />
    <property name="env.PWD" value="/home/nitrous/code/labs/cs-swapping-implementations-lab-codeU" />
    <property name="env.rvm_ruby_make" value="" />
    <property name="env.rvm_ruby_make_install" value="" />
    <property name="env.rvm_proxy" value="" />
    <property name="env.LANG" value="en_US.UTF-8" />
    <property name="env.LESS" value="-R" />
    <property name="java.vm.specification.vendor" value="Oracle Corporation" />
    <property name="ant.home" value="/usr/share/ant" />
    <property name="env.HUSHLOGIN" value="TRUE" />
    <property name="java.runtime.version" value="1.7.0_95-b00" />
    <property name="env.MY_RUBY_HOME" value="/home/nitrous/.rvm/rubies/ruby-2.2.1" />
    <property name="env.rvm_version" value="1.26.11 (latest)" />
    <property name="user.name" value="nitrous" />
    <property name="env._" value="/home/nitrous/.rvm/gems/ruby-2.2.1/bin/learn-test" />
    <property name="env.USER" value="nitrous" />
    <property name="env.SHELL" value="/bin/zsh" />
    <property name="env.__HOST" value="172.17.42.1" />
    <property name="env._system_type" value="Linux" />
    <property name="env.PATH" value="/home/nitrous/.rvm/gems/ruby-2.2.1/bin:/home/nitrous/.rvm/gems/ruby-2.2.1@global/bin:/home/nitrous/.rvm/rubies/ruby-2.2.1/bin:/home/nitrous/bin:/usr/local/bin:.bundle/binstubs:/usr/local/opt/rbenv/shims:/usr/local/opt/rbenv/bin:/usr/local/opt/nvm/versions/node/v4.2.1/bin:/usr/local/sbin:/usr/local/bin:/usr/sbin:/usr/bin:/sbin:/bin:/usr/games:/usr/local/games:/home/nitrous/.rvm/bin" />
    <property name="user.language" value="en" />
    <property name="env.rvm_prefix" value="/home/nitrous" />
    <property name="sun.boot.library.path" value="/usr/lib/jvm/java-7-openjdk-amd64/jre/lib/amd64" />
    <property name="env.rvm_docs_type" value="" />
    <property name="ant.project.default-target" value="build" />
    <property name="env.NITROUS_SSH_ENABLED" value="true" />
    <property name="ant.project.name" value="JavaCS" />
    <property name="env.rvm_path" value="/home/nitrous/.rvm" />
    <property name="env.LC_CTYPE" value="en_US.UTF-8" />
    <property name="env.RUBY_VERSION" value="ruby-2.2.1" />
    <property name="java.version" value="1.7.0_95" />
    <property name="user.timezone" value="" />
    <property name="sun.arch.data.model" value="64" />
    <property name="env._system_name" value="Ubuntu" />
    <property name="java.endorsed.dirs" value="/usr/lib/jvm/java-7-openjdk-amd64/jre/lib/endorsed" />
    <property name="sun.cpu.isalist" value="" />
    <property name="sun.jnu.encoding" value="UTF-8" />
    <property name="env.rvm_bin_path" value="/home/nitrous/.rvm/bin" />
    <property name="file.encoding.pkg" value="sun.io" />
    <property name="env.SHLVL" value="1" />
    <property name="env.rvm_alias_expanded" value="" />
    <property name="env.HOSTNAME" value="mark-iennaco-q-000-166941" />
    <property name="file.separator" value="/" />
    <property name="env._system_version" value="14.04" />
    <property name="java.specification.name" value="Java Platform API Specification" />
    <property name="java.class.version" value="51.0" />
    <property name="user.country" value="US" />
    <property name="ant.file.JavaCS" value="/home/nitrous/code/labs/cs-swapping-implementations-lab-codeU/javacs-lab01/build.xml" />
    <property name="env.rvm_sdk" value="" />
    <property name="java.home" value="/usr/lib/jvm/java-7-openjdk-amd64/jre" />
    <property name="env.ZSH" value="/home/nitrous/.oh-my-zsh" />
    <property name="java.vm.info" value="mixed mode" />
    <property name="env.LOGNAME" value="nitrous" />
    <property name="ant.file" value="/home/nitrous/code/labs/cs-swapping-implementations-lab-codeU/javacs-lab01/build.xml" />
    <property name="os.version" value="4.2.0-18-generic" />
    <property name="env.NITROUS_PREVIEW_PORT" value="3000" />
    <property name="env.rvm_hook" value="" />
    <property name="env.rvm_use_flag" value="" />
    <property name="env.rvm_only_path_flag" value="" />
    <property name="path.separator" value=":" />
    <property name="env._ORIGINAL_GEM_PATH" value="/home/nitrous/.rvm/gems/ruby-2.2.1:/home/nitrous/.rvm/gems/ruby-2.2.1@global" />
    <property name="java.vm.version" value="24.95-b01" />
    <property name="env.RBENV_ROOT" value="/usr/local/opt/rbenv" />
    <property name="ant.library.dir" value="/usr/share/ant/lib" />
    <property name="env.rvm_ruby_file" value="" />
    <property name="env.NVM_NODEJS_ORG_MIRROR" value="https://nodejs.org/dist" />
    <property name="junit.output.dir" value="junit" />
    <property name="env.IRBRC" value="/home/nitrous/.rvm/rubies/ruby-2.2.1/.irbrc" />
    <property name="java.awt.printerjob" value="sun.print.PSPrinterJob" />
    <property name="env.TERM" value="xterm-256color" />
    <property name="sun.io.unicode.encoding" value="UnicodeLittle" />
    <property name="env.rvm_nightly_flag" value="" />
    <property name="awt.toolkit" value="sun.awt.X11.XToolkit" />
    <property name="env.LSCOLORS" value="Gxfxcxdxbxegedabagacad" />
    <property name="env.MANPATH" value="/usr/local/opt/nvm/versions/node/v4.2.1/share/man:/usr/local/man:/usr/local/share/man:/usr/share/man" />
    <property name="env.GEM_PATH" value="/home/nitrous/.rvm/gems/ruby-2.2.1:/home/nitrous/.rvm/gems/ruby-2.2.1@global" />
    <property name="target" value="1.6" />
    <property name="user.home" value="/home/nitrous" />
    <property name="env.OLDPWD" value="/home/nitrous/code/labs" />
    <property name="java.specification.vendor" value="Oracle Corporation" />
    <property name="env.PAGER" value="less" />
    <property name="java.vendor.url" value="http://java.oracle.com/" />
    <property name="java.library.path" value="/usr/java/packages/lib/amd64:/usr/lib/x86_64-linux-gnu/jni:/lib/x86_64-linux-gnu:/usr/lib/x86_64-linux-gnu:/usr/lib/jni:/lib:/usr/lib" />
    <property name="java.vm.vendor" value="Oracle Corporation" />
    <property name="java.runtime.name" value="OpenJDK Runtime Environment" />
    <property name="java.class.path" value="/home/nitrous/code/labs/cs-swapping-implementations-lab-codeU/javacs-lab01/bin:/home/nitrous/code/labs/cs-swapping-implementations-lab-codeU/javacs-lab01/lib/junit-4.12.jar:/home/nitrous/code/labs/cs-swapping-implementations-lab-codeU/javacs-lab01/lib/hamcrest-core-1.3.jar:/usr/share/java/ant-launcher-1.9.3.jar:/usr/share/ant/lib/ant.jar:/usr/share/ant/lib/ant-junit.jar:/usr/share/ant/lib/ant-junit4.jar" />
    <property name="sun.java.command" value="org.apache.tools.ant.taskdefs.optional.junit.JUnitTestRunner com.flatironschool.javacs.ListClientExampleTest skipNonTests=false filtertrace=true haltOnError=false haltOnFailure=false formatter=org.apache.tools.ant.taskdefs.optional.junit.OutErrSummaryJUnitResultFormatter showoutput=false outputtoformatters=true logfailedtests=true logtestlistenerevents=false formatter=org.apache.tools.ant.taskdefs.optional.junit.XMLJUnitResultFormatter,/home/nitrous/code/labs/cs-swapping-implementations-lab-codeU/javacs-lab01/junit/TEST-com.flatironschool.javacs.ListClientExampleTest.xml formatter=org.apache.tools.ant.taskdefs.optional.junit.PlainJUnitResultFormatter crashfile=/home/nitrous/code/labs/cs-swapping-implementations-lab-codeU/javacs-lab01/junitvmwatcher1314815902811309054.properties propsfile=/home/nitrous/code/labs/cs-swapping-implementations-lab-codeU/javacs-lab01/junit3866977962381892444.properties" />
    <property name="ant.version" value="Apache Ant(TM) version 1.9.3 compiled on April 8 2014" />
    <property name="ant.file.type.JavaCS" value="file" />
    <property name="java.vm.specification.name" value="Java Virtual Machine Specification" />
    <property name="ant.file.type" value="file" />
    <property name="env.container" value="docker" />
    <property name="env.RBENV_SHELL" value="zsh" />
    <property name="java.vm.specification.version" value="1.7" />
    <property name="sun.cpu.endian" value="little" />
    <property name="sun.os.patch.level" value="unknown" />
    <property name="env.HOME" value="/home/nitrous" />
    <property name="debuglevel" value="source,lines,vars" />
    <property name="java.io.tmpdir" value="/tmp" />
    <property name="java.vendor.url.bug" value="http://bugreport.sun.com/bugreport/" />
    <property name="env.NVM_PATH" value="/usr/local/opt/nvm/versions/node/v4.2.1/lib/node" />
    <property name="env.rvm_script_name" value="" />
    <property name="env.rvm_ruby_mode" value="" />
    <property name="env.rvm_wrapper_name" value="" />
    <property name="java.awt.graphicsenv" value="sun.awt.X11GraphicsEnvironment" />
    <property name="os.arch" value="amd64" />
    <property name="java.ext.dirs" value="/usr/lib/jvm/java-7-openjdk-amd64/jre/lib/ext:/usr/java/packages/lib/ext" />
    <property name="env.rvm_bin_flag" value="" />
    <property name="user.dir" value="/home/nitrous/code/labs/cs-swapping-implementations-lab-codeU" />
    <property name="line.separator" value="&#xa;" />
    <property name="java.vm.name" value="OpenJDK 64-Bit Server VM" />
    <property name="env.NITROUS_IMAGE_VERSION" value="2" />
    <property name="env.NVM_IOJS_ORG_MIRROR" value="https://iojs.org/dist" />
    <property name="basedir" value="/home/nitrous/code/labs/cs-swapping-implementations-lab-codeU/javacs-lab01" />
    <property name="ant.java.version" value="1.7" />
    <property name="ant.core.lib" value="/usr/share/ant/lib/ant.jar" />
    <property name="source" value="1.6" />
    <property name="env.MAIL" value="/var/mail/nitrous" />
    <property name="file.encoding" value="UTF-8" />
    <property name="env.NVM_DIR" value="/usr/local/opt/nvm" />
    <property name="env.NITROUS_README_URL" value="https://nitrous-readmes.s3.amazonaws.com/rails.2015-06-29.html" />
    <property name="java.specification.version" value="1.7" />
    <property name="env.rvm_niceness" value="" />
    <property name="ant.project.invoked-targets" value="test" />
    <property name="env.rvm_gemstone_url" value="" />
  </properties>
  <testcase classname="com.flatironschool.javacs.ListClientExampleTest" name="testListClientExample" time="0.004" />
  <system-out><![CDATA[]]></system-out>
  <system-err><![CDATA[]]></system-err>
</testsuite>
